
3월 04, 2023 22:29:48.216 NEW SESSION
3월 04, 2023 22:29:48.216 [22200:4424:0304/222948.208:ERROR:device_event_log_impl.cc(218)] [22:29:48.208] USB: usb_service_win.cc:415 Could not read device interface GUIDs: 지정된 파일을 찾을 수 없습니다. (0x2)
3월 04, 2023 22:29:48.216 [22200:4424:0304/222948.209:ERROR:device_event_log_impl.cc(218)] [22:29:48.209] USB: usb_device_handle_win.cc:1046 Failed to read descriptor from node connection: 시스템에 부착된 장치가 작동하지 않습니다. (0x1F)
3월 04, 2023 22:29:48.217 [22200:4424:0304/222948.209:ERROR:device_event_log_impl.cc(218)] [22:29:48.209] USB: usb_device_handle_win.cc:1046 Failed to read descriptor from node connection: 시스템에 부착된 장치가 작동하지 않습니다. (0x1F)
3월 04, 2023 22:29:48.217 [22200:4424:0304/222948.209:ERROR:device_event_log_impl.cc(218)] [22:29:48.209] USB: usb_device_handle_win.cc:1046 Failed to read descriptor from node connection: 시스템에 부착된 장치가 작동하지 않습니다. (0x1F)
3월 04, 2023 22:38:49.562 [22200:15184:0304/223849.562:ERROR:connection_factory_impl.cc(472)] ConnectionHandler failed with net error: -2
3월 04, 2023 23:39:41.795 [22200:15184:0304/233941.795:ERROR:connection_factory_impl.cc(472)] ConnectionHandler failed with net error: -2
3월 04, 2023 23:39:46.795 [22200:15184:0304/233946.795:ERROR:connection_factory_impl.cc(472)] ConnectionHandler failed with net error: -2
3월 05, 2023 07:43:25.717 [22200:9712:0305/074325.716:ERROR:get_updates_processor.cc(264)] PostClientToServerMessage() failed during GetUpdates with error 2
3월 05, 2023 14:17:35.484 [22200:15184:0305/141735.484:ERROR:connection_factory_impl.cc(427)] Failed to connect to MCS endpoint with error -7
3월 05, 2023 14:17:35.573 [22200:19140:0305/141735.573:ERROR:get_updates_processor.cc(264)] PostClientToServerMessage() failed during GetUpdates with error 2
3월 05, 2023 14:17:44.978 [22200:4424:0305/141744.978:ERROR:device_event_log_impl.cc(218)] [14:17:44.978] USB: usb_service_win.cc:104 SetupDiGetDeviceProperty({{A45C254E-DF1C-4EFD-8020-67D146A850E0}, 6}) failed: 요소가 없습니다. (0x490)
3월 05, 2023 15:18:41.818 [22200:4424:0305/151841.817:ERROR:interface_endpoint_client.cc(695)] Message 0 rejected by interface blink.mojom.WidgetHost
3월 05, 2023 16:12:15.487 [22200:15184:0305/161215.487:ERROR:connection_factory_impl.cc(472)] ConnectionHandler failed with net error: -2
3월 05, 2023 21:23:38.296 [22200:15184:0305/212338.292:ERROR:connection_factory_impl.cc(472)] ConnectionHandler failed with net error: -2
3월 05, 2023 21:23:56.743 [22200:4424:0305/212356.743:ERROR:interface_endpoint_client.cc(695)] Message 1 rejected by interface blink.mojom.WidgetHost
3월 05, 2023 21:31:31.595 [22200:4424:0305/213131.594:ERROR:interface_endpoint_client.cc(695)] Message 1 rejected by interface blink.mojom.WidgetHost
3월 05, 2023 21:42:00.428 [libprotobuf ERROR ..\..\third_party\protobuf\src\google\protobuf\message_lite.cc:133] Can't parse message of type "safe_browsing.ClientDownloadRequest" because it is missing required fields: (cannot determine missing fields for lite message)
3월 05, 2023 21:53:27.419 [libprotobuf ERROR ..\..\third_party\protobuf\src\google\protobuf\message_lite.cc:133] Can't parse message of type "safe_browsing.ClientDownloadRequest" because it is missing required fields: (cannot determine missing fields for lite message)
3월 05, 2023 21:53:46.295 [libprotobuf ERROR ..\..\third_party\protobuf\src\google\protobuf\message_lite.cc:133] Can't parse message of type "safe_browsing.ClientDownloadRequest" because it is missing required fields: (cannot determine missing fields for lite message)
3월 05, 2023 22:16:08.67 [5572:5580:0305/221608.066:ERROR:device_event_log_impl.cc(218)] [22:16:08.066] USB: usb_service_win.cc:415 Could not read device interface GUIDs: 지정된 파일을 찾을 수 없습니다. (0x2)
3월 05, 2023 22:16:08.67 [5572:5580:0305/221608.067:ERROR:device_event_log_impl.cc(218)] [22:16:08.067] USB: usb_device_handle_win.cc:1046 Failed to read descriptor from node connection: 시스템에 부착된 장치가 작동하지 않습니다. (0x1F)
3월 05, 2023 22:16:08.67 [5572:5580:0305/221608.067:ERROR:device_event_log_impl.cc(218)] [22:16:08.067] USB: usb_device_handle_win.cc:1046 Failed to read descriptor from node connection: 시스템에 부착된 장치가 작동하지 않습니다. (0x1F)
3월 05, 2023 22:16:08.68 [5572:5580:0305/221608.067:ERROR:device_event_log_impl.cc(218)] [22:16:08.067] USB: usb_device_handle_win.cc:1046 Failed to read descriptor from node connection: 시스템에 부착된 장치가 작동하지 않습니다. (0x1F)
3월 05, 2023 22:17:52.54 [5252:10600:0305/221752.054:ERROR:device_event_log_impl.cc(218)] [22:17:52.054] USB: usb_service_win.cc:415 Could not read device interface GUIDs: 지정된 파일을 찾을 수 없습니다. (0x2)
3월 05, 2023 22:17:52.55 [5252:10600:0305/221752.055:ERROR:device_event_log_impl.cc(218)] [22:17:52.055] USB: usb_device_handle_win.cc:1046 Failed to read descriptor from node connection: 시스템에 부착된 장치가 작동하지 않습니다. (0x1F)
3월 05, 2023 22:17:52.55 [5252:10600:0305/221752.055:ERROR:device_event_log_impl.cc(218)] [22:17:52.055] USB: usb_device_handle_win.cc:1046 Failed to read descriptor from node connection: 시스템에 부착된 장치가 작동하지 않습니다. (0x1F)
3월 05, 2023 22:17:52.55 [5252:10600:0305/221752.055:ERROR:device_event_log_impl.cc(218)] [22:17:52.055] USB: usb_device_handle_win.cc:1046 Failed to read descriptor from node connection: 시스템에 부착된 장치가 작동하지 않습니다. (0x1F)

3월 06, 2023 22:54:59.568 NEW SESSION
3월 06, 2023 22:54:59.568 [17052:15228:0306/225459.566:ERROR:device_event_log_impl.cc(218)] [22:54:59.566] USB: usb_service_win.cc:415 Could not read device interface GUIDs: 지정된 파일을 찾을 수 없습니다. (0x2)
3월 06, 2023 22:54:59.568 [17052:15228:0306/225459.566:ERROR:device_event_log_impl.cc(218)] [22:54:59.566] USB: usb_device_handle_win.cc:1046 Failed to read descriptor from node connection: 시스템에 부착된 장치가 작동하지 않습니다. (0x1F)
3월 06, 2023 22:54:59.568 [17052:15228:0306/225459.566:ERROR:device_event_log_impl.cc(218)] [22:54:59.566] USB: usb_device_handle_win.cc:1046 Failed to read descriptor from node connection: 시스템에 부착된 장치가 작동하지 않습니다. (0x1F)
3월 06, 2023 22:54:59.569 [17052:15228:0306/225459.566:ERROR:device_event_log_impl.cc(218)] [22:54:59.567] USB: usb_device_handle_win.cc:1046 Failed to read descriptor from node connection: 시스템에 부착된 장치가 작동하지 않습니다. (0x1F)

3월 12, 2023 21:17:39.492 NEW SESSION
3월 12, 2023 21:17:39.493 [5052:19240:0312/211739.490:ERROR:device_event_log_impl.cc(222)] [21:17:39.490] USB: usb_service_win.cc:415 Could not read device interface GUIDs: 지정된 파일을 찾을 수 없습니다. (0x2)
3월 12, 2023 21:17:39.493 [5052:19240:0312/211739.491:ERROR:device_event_log_impl.cc(222)] [21:17:39.490] USB: usb_device_handle_win.cc:1046 Failed to read descriptor from node connection: 시스템에 부착된 장치가 작동하지 않습니다. (0x1F)
3월 12, 2023 21:17:39.493 [5052:19240:0312/211739.491:ERROR:device_event_log_impl.cc(222)] [21:17:39.491] USB: usb_device_handle_win.cc:1046 Failed to read descriptor from node connection: 시스템에 부착된 장치가 작동하지 않습니다. (0x1F)
3월 12, 2023 21:17:39.494 [5052:19240:0312/211739.491:ERROR:device_event_log_impl.cc(222)] [21:17:39.491] USB: usb_device_handle_win.cc:1046 Failed to read descriptor from node connection: 시스템에 부착된 장치가 작동하지 않습니다. (0x1F)
3월 12, 2023 21:17:39.838 INFO: Created TensorFlow Lite XNNPACK delegate for CPU.
3월 12, 2023 21:20:28.98 [16480:22616:0312/212028.098:ERROR:device_event_log_impl.cc(222)] [21:20:28.097] USB: usb_service_win.cc:415 Could not read device interface GUIDs: 지정된 파일을 찾을 수 없습니다. (0x2)
3월 12, 2023 21:20:28.99 [16480:22616:0312/212028.098:ERROR:device_event_log_impl.cc(222)] [21:20:28.098] USB: usb_device_handle_win.cc:1046 Failed to read descriptor from node connection: 시스템에 부착된 장치가 작동하지 않습니다. (0x1F)
3월 12, 2023 21:20:28.99 [16480:22616:0312/212028.099:ERROR:device_event_log_impl.cc(222)] [21:20:28.098] USB: usb_device_handle_win.cc:1046 Failed to read descriptor from node connection: 시스템에 부착된 장치가 작동하지 않습니다. (0x1F)
3월 12, 2023 21:20:28.99 [16480:22616:0312/212028.099:ERROR:device_event_log_impl.cc(222)] [21:20:28.098] USB: usb_device_handle_win.cc:1046 Failed to read descriptor from node connection: 시스템에 부착된 장치가 작동하지 않습니다. (0x1F)
3월 12, 2023 21:20:28.288 INFO: Created TensorFlow Lite XNNPACK delegate for CPU.
3월 12, 2023 21:20:59.874 [18572:21420:0312/212059.874:ERROR:device_event_log_impl.cc(222)] [21:20:59.874] USB: usb_service_win.cc:415 Could not read device interface GUIDs: 지정된 파일을 찾을 수 없습니다. (0x2)
3월 12, 2023 21:20:59.875 [18572:21420:0312/212059.875:ERROR:device_event_log_impl.cc(222)] [21:20:59.874] USB: usb_device_handle_win.cc:1046 Failed to read descriptor from node connection: 시스템에 부착된 장치가 작동하지 않습니다. (0x1F)
3월 12, 2023 21:20:59.875 [18572:21420:0312/212059.875:ERROR:device_event_log_impl.cc(222)] [21:20:59.875] USB: usb_device_handle_win.cc:1046 Failed to read descriptor from node connection: 시스템에 부착된 장치가 작동하지 않습니다. (0x1F)
3월 12, 2023 21:20:59.876 [18572:21420:0312/212059.875:ERROR:device_event_log_impl.cc(222)] [21:20:59.875] USB: usb_device_handle_win.cc:1046 Failed to read descriptor from node connection: 시스템에 부착된 장치가 작동하지 않습니다. (0x1F)
3월 12, 2023 21:21:00.33 INFO: Created TensorFlow Lite XNNPACK delegate for CPU.
3월 12, 2023 21:23:27.877 [18572:21420:0312/212327.877:ERROR:interface_endpoint_client.cc(695)] Message 1 rejected by interface blink.mojom.WidgetHost
3월 12, 2023 21:31:38.916 [18572:21420:0312/213138.916:ERROR:interface_endpoint_client.cc(695)] Message 0 rejected by interface blink.mojom.WidgetHost
3월 12, 2023 21:31:49.504 [18572:21420:0312/213149.504:ERROR:interface_endpoint_client.cc(695)] Message 0 rejected by interface blink.mojom.WidgetHost
3월 12, 2023 21:32:06.721 [18572:21420:0312/213206.721:ERROR:interface_endpoint_client.cc(695)] Message 0 rejected by interface blink.mojom.WidgetHost
3월 12, 2023 21:38:26.293 [1400:14776:0312/213826.293:ERROR:device_event_log_impl.cc(222)] [21:38:26.292] USB: usb_service_win.cc:415 Could not read device interface GUIDs: 지정된 파일을 찾을 수 없습니다. (0x2)
3월 12, 2023 21:38:26.294 [1400:14776:0312/213826.293:ERROR:device_event_log_impl.cc(222)] [21:38:26.293] USB: usb_device_handle_win.cc:1046 Failed to read descriptor from node connection: 시스템에 부착된 장치가 작동하지 않습니다. (0x1F)
3월 12, 2023 21:38:26.294 [1400:14776:0312/213826.294:ERROR:device_event_log_impl.cc(222)] [21:38:26.293] USB: usb_device_handle_win.cc:1046 Failed to read descriptor from node connection: 시스템에 부착된 장치가 작동하지 않습니다. (0x1F)
3월 12, 2023 21:38:26.294 [1400:14776:0312/213826.294:ERROR:device_event_log_impl.cc(222)] [21:38:26.293] USB: usb_device_handle_win.cc:1046 Failed to read descriptor from node connection: 시스템에 부착된 장치가 작동하지 않습니다. (0x1F)
3월 12, 2023 21:38:26.422 INFO: Created TensorFlow Lite XNNPACK delegate for CPU.
3월 12, 2023 21:51:28.482 [1400:7432:0312/215128.482:ERROR:connection_factory_impl.cc(473)] ConnectionHandler failed with net error: -2
3월 12, 2023 22:06:54.562 [1400:14776:0312/220654.561:ERROR:interface_endpoint_client.cc(695)] Message 1 rejected by interface blink.mojom.WidgetHost
3월 12, 2023 22:23:48.307 [1400:14776:0312/222348.307:ERROR:interface_endpoint_client.cc(695)] Message 1 rejected by interface blink.mojom.WidgetHost
3월 12, 2023 22:23:48.308 [1400:14776:0312/222348.307:ERROR:interface_endpoint_client.cc(695)] Message 1 rejected by interface blink.mojom.WidgetHost
3월 12, 2023 22:23:48.308 [1400:14776:0312/222348.307:ERROR:interface_endpoint_client.cc(695)] Message 1 rejected by interface blink.mojom.WidgetHost
3월 12, 2023 22:36:25.767 [libprotobuf ERROR ..\..\third_party\protobuf\src\google\protobuf\message_lite.cc:133] Can't parse message of type "safe_browsing.ClientDownloadRequest" because it is missing required fields: (cannot determine missing fields for lite message)

3월 13, 2023 21:27:56.663 NEW SESSION
3월 13, 2023 21:27:56.663 [10128:13308:0313/212756.652:ERROR:device_event_log_impl.cc(222)] [21:27:56.652] USB: usb_service_win.cc:415 Could not read device interface GUIDs: 지정된 파일을 찾을 수 없습니다. (0x2)
3월 13, 2023 21:27:56.664 [10128:13308:0313/212756.653:ERROR:device_event_log_impl.cc(222)] [21:27:56.652] USB: usb_device_handle_win.cc:1046 Failed to read descriptor from node connection: 시스템에 부착된 장치가 작동하지 않습니다. (0x1F)
3월 13, 2023 21:27:56.664 [10128:13308:0313/212756.653:ERROR:device_event_log_impl.cc(222)] [21:27:56.652] USB: usb_device_handle_win.cc:1046 Failed to read descriptor from node connection: 시스템에 부착된 장치가 작동하지 않습니다. (0x1F)
3월 13, 2023 21:27:56.664 [10128:13308:0313/212756.653:ERROR:device_event_log_impl.cc(222)] [21:27:56.652] USB: usb_device_handle_win.cc:1046 Failed to read descriptor from node connection: 시스템에 부착된 장치가 작동하지 않습니다. (0x1F)
3월 13, 2023 21:27:56.842 INFO: Created TensorFlow Lite XNNPACK delegate for CPU.
3월 13, 2023 21:28:00.706 [16204:14220:0313/212800.705:ERROR:device_event_log_impl.cc(222)] [21:28:00.705] USB: usb_service_win.cc:415 Could not read device interface GUIDs: 지정된 파일을 찾을 수 없습니다. (0x2)
3월 13, 2023 21:28:00.706 [16204:14220:0313/212800.706:ERROR:device_event_log_impl.cc(222)] [21:28:00.706] USB: usb_device_handle_win.cc:1046 Failed to read descriptor from node connection: 시스템에 부착된 장치가 작동하지 않습니다. (0x1F)
3월 13, 2023 21:28:00.706 [16204:14220:0313/212800.706:ERROR:device_event_log_impl.cc(222)] [21:28:00.706] USB: usb_device_handle_win.cc:1046 Failed to read descriptor from node connection: 시스템에 부착된 장치가 작동하지 않습니다. (0x1F)
3월 13, 2023 21:28:00.707 [16204:14220:0313/212800.706:ERROR:device_event_log_impl.cc(222)] [21:28:00.706] USB: usb_device_handle_win.cc:1046 Failed to read descriptor from node connection: 시스템에 부착된 장치가 작동하지 않습니다. (0x1F)
3월 13, 2023 21:28:00.866 INFO: Created TensorFlow Lite XNNPACK delegate for CPU.
3월 13, 2023 21:28:44.273 [10792:10840:0313/212844.272:ERROR:device_event_log_impl.cc(222)] [21:28:44.272] USB: usb_service_win.cc:415 Could not read device interface GUIDs: 지정된 파일을 찾을 수 없습니다. (0x2)
3월 13, 2023 21:28:44.273 [10792:10840:0313/212844.273:ERROR:device_event_log_impl.cc(222)] [21:28:44.273] USB: usb_device_handle_win.cc:1046 Failed to read descriptor from node connection: 시스템에 부착된 장치가 작동하지 않습니다. (0x1F)
3월 13, 2023 21:28:44.274 [10792:10840:0313/212844.273:ERROR:device_event_log_impl.cc(222)] [21:28:44.273] USB: usb_device_handle_win.cc:1046 Failed to read descriptor from node connection: 시스템에 부착된 장치가 작동하지 않습니다. (0x1F)
3월 13, 2023 21:28:44.274 [10792:10840:0313/212844.273:ERROR:device_event_log_impl.cc(222)] [21:28:44.273] USB: usb_device_handle_win.cc:1046 Failed to read descriptor from node connection: 시스템에 부착된 장치가 작동하지 않습니다. (0x1F)
3월 13, 2023 21:28:44.472 INFO: Created TensorFlow Lite XNNPACK delegate for CPU.
